#
# There is insufficient memory for the Java Runtime Environment to continue.
# Native memory allocation (mmap) failed to map 54525952 bytes for G1 virtual space
# Possible reasons:
#   The system is out of physical RAM or swap space
#   The process is running with CompressedOops enabled, and the Java Heap may be blocking the growth of the native heap
# Possible solutions:
#   Reduce memory load on the system
#   Increase physical memory or swap space
#   Check if swap backing store is full
#   Decrease Java heap size (-Xmx/-Xms)
#   Decrease number of Java threads
#   Decrease Java thread stack sizes (-Xss)
#   Set larger code cache with -XX:ReservedCodeCacheSize=
#   JVM is running with Unscaled Compressed Oops mode in which the Java heap is
#     placed in the first 4GB address space. The Java Heap base address is the
#     maximum limit for the native heap growth. Please use -XX:HeapBaseMinAddress
#     to set the Java Heap base and to place the Java Heap above 4GB virtual address.
# This output file may be truncated or incomplete.
#
#  Out of Memory Error (os_windows.cpp:3600), pid=20468, tid=22428
#
# JRE version: OpenJDK Runtime Environment (21.0.2+13) (build 21.0.2+13-58)
# Java VM: OpenJDK 64-Bit Server VM (21.0.2+13-58, mixed mode, emulated-client, sharing, tiered, compressed oops, compressed class ptrs, g1 gc, windows-amd64)
# No core dump will be written. Minidumps are not enabled by default on client versions of Windows
#

---------------  S U M M A R Y ------------

Command Line: -XX:TieredStopAtLevel=1 -Dspring.output.ansi.enabled=always -Dcom.sun.management.jmxremote -Dspring.jmx.enabled=true -Dspring.liveBeansView.mbeanDomain -Dspring.application.admin.enabled=true -Dmanagement.endpoints.jmx.exposure.include=* -javaagent:C:\Program Files\JetBrains\IntelliJ IDEA 2023.3.2\lib\idea_rt.jar=56247:C:\Program Files\JetBrains\IntelliJ IDEA 2023.3.2\bin -Dfile.encoding=UTF-8 -Dsun.stdout.encoding=UTF-8 -Dsun.stderr.encoding=UTF-8 tn.esprit.crud.CrudApplication

Host: Intel(R) Core(TM) i7-8565U CPU @ 1.80GHz, 8 cores, 7G,  Windows 10 , 64 bit Build 19041 (10.0.19041.1889)
Time: Thu Mar  7 12:52:20 2024 Paris, Madrid elapsed time: 9.374590 seconds (0d 0h 0m 9s)

---------------  T H R E A D  ---------------

Current thread (0x000002a42f7bd540):  VMThread "VM Thread"          [id=22428, stack(0x000000bb30400000,0x000000bb30500000) (1024K)]

Stack: [0x000000bb30400000,0x000000bb30500000]
Native frames: (J=compiled Java code, j=interpreted, Vv=VM code, C=native code)
V  [jvm.dll+0x6cade9]
V  [jvm.dll+0x8569c1]
V  [jvm.dll+0x858d2e]
V  [jvm.dll+0x859413]
V  [jvm.dll+0x280e56]
V  [jvm.dll+0x6c74d5]
V  [jvm.dll+0x6bbeca]
V  [jvm.dll+0x355bca]
V  [jvm.dll+0x35d816]
V  [jvm.dll+0x3ae67e]
V  [jvm.dll+0x3ae928]
V  [jvm.dll+0x3295dc]
V  [jvm.dll+0x329667]
V  [jvm.dll+0x36df1c]
V  [jvm.dll+0x36c71d]
V  [jvm.dll+0x328d51]
V  [jvm.dll+0x36be2a]
V  [jvm.dll+0x85ef18]
V  [jvm.dll+0x860014]
V  [jvm.dll+0x860550]
V  [jvm.dll+0x8607f3]
V  [jvm.dll+0x7ff568]
V  [jvm.dll+0x6c953d]
C  [ucrtbase.dll+0x21bb2]
C  [KERNEL32.DLL+0x17034]
C  [ntdll.dll+0x526a1]

VM_Operation (0x000000bb327fd310): G1CollectForAllocation, mode: safepoint, requested by thread 0x000002a476b96200


---------------  P R O C E S S  ---------------

Threads class SMR info:
_java_thread_list=0x000002a4764c7a10, length=37, elements={
0x000002a41f0ef5f0, 0x000002a42f7d8700, 0x000002a42f7d97d0, 0x000002a42f7df510,
0x000002a42f7e01f0, 0x000002a42f7e8e10, 0x000002a42fa60240, 0x000002a42f7ecd70,
0x000002a42fb3e440, 0x000002a42fb40ad0, 0x000002a42fb41180, 0x000002a42fe3e850,
0x000002a42fe3baa0, 0x000002a475363dd0, 0x000002a475bd8750, 0x000002a475c217f0,
0x000002a475c797e0, 0x000002a4764bc7e0, 0x000002a4764bce50, 0x000002a47662c590,
0x000002a4764ff420, 0x000002a476b94130, 0x000002a476b947c0, 0x000002a476b96f20,
0x000002a476b975b0, 0x000002a476b954e0, 0x000002a476b96200, 0x000002a476b95b70,
0x000002a476b96890, 0x000002a47791ad20, 0x000002a47791fbe0, 0x000002a477920270,
0x000002a47791b3b0, 0x000002a47791e830, 0x000002a47791e1a0, 0x000002a47791ba40,
0x000002a47791c0d0
}

Java Threads: ( => current thread )
  0x000002a41f0ef5f0 JavaThread "main"                              [_thread_blocked, id=5300, stack(0x000000bb2f900000,0x000000bb2fa00000) (1024K)]
  0x000002a42f7d8700 JavaThread "Reference Handler"          daemon [_thread_blocked, id=19856, stack(0x000000bb30500000,0x000000bb30600000) (1024K)]
  0x000002a42f7d97d0 JavaThread "Finalizer"                  daemon [_thread_blocked, id=14404, stack(0x000000bb30600000,0x000000bb30700000) (1024K)]
  0x000002a42f7df510 JavaThread "Signal Dispatcher"          daemon [_thread_blocked, id=23736, stack(0x000000bb30700000,0x000000bb30800000) (1024K)]
  0x000002a42f7e01f0 JavaThread "Attach Listener"            daemon [_thread_blocked, id=23160, stack(0x000000bb30800000,0x000000bb30900000) (1024K)]
  0x000002a42f7e8e10 JavaThread "Service Thread"             daemon [_thread_blocked, id=11096, stack(0x000000bb30900000,0x000000bb30a00000) (1024K)]
  0x000002a42fa60240 JavaThread "Monitor Deflation Thread"   daemon [_thread_blocked, id=22824, stack(0x000000bb30a00000,0x000000bb30b00000) (1024K)]
  0x000002a42f7ecd70 JavaThread "C1 CompilerThread0"         daemon [_thread_blocked, id=16076, stack(0x000000bb30b00000,0x000000bb30c00000) (1024K)]
  0x000002a42fb3e440 JavaThread "Common-Cleaner"             daemon [_thread_blocked, id=24144, stack(0x000000bb30c00000,0x000000bb30d00000) (1024K)]
  0x000002a42fb40ad0 JavaThread "C1 CompilerThread1"         daemon [_thread_blocked, id=21864, stack(0x000000bb30d00000,0x000000bb30e00000) (1024K)]
  0x000002a42fb41180 JavaThread "C1 CompilerThread2"         daemon [_thread_blocked, id=8332, stack(0x000000bb30e00000,0x000000bb30f00000) (1024K)]
  0x000002a42fe3e850 JavaThread "Monitor Ctrl-Break"         daemon [_thread_in_native, id=15256, stack(0x000000bb30f00000,0x000000bb31000000) (1024K)]
  0x000002a42fe3baa0 JavaThread "Notification Thread"        daemon [_thread_blocked, id=21600, stack(0x000000bb31000000,0x000000bb31100000) (1024K)]
  0x000002a475363dd0 JavaThread "RMI TCP Accept-0"           daemon [_thread_in_native, id=21740, stack(0x000000bb31100000,0x000000bb31200000) (1024K)]
  0x000002a475bd8750 JavaThread "RMI TCP Connection(1)-192.168.99.19" daemon [_thread_in_native, id=21800, stack(0x000000bb31900000,0x000000bb31a00000) (1024K)]
  0x000002a475c217f0 JavaThread "RMI Scheduler(0)"           daemon [_thread_blocked, id=4132, stack(0x000000bb31a00000,0x000000bb31b00000) (1024K)]
  0x000002a475c797e0 JavaThread "C1 CompilerThread3"         daemon [_thread_blocked, id=9020, stack(0x000000bb31d00000,0x000000bb31e00000) (1024K)]
  0x000002a4764bc7e0 JavaThread "Catalina-utility-1"                [_thread_blocked, id=3960, stack(0x000000bb31b00000,0x000000bb31c00000) (1024K)]
  0x000002a4764bce50 JavaThread "Catalina-utility-2"                [_thread_blocked, id=23344, stack(0x000000bb31e00000,0x000000bb31f00000) (1024K)]
  0x000002a47662c590 JavaThread "container-0"                       [_thread_blocked, id=23712, stack(0x000000bb31f00000,0x000000bb32000000) (1024K)]
  0x000002a4764ff420 JavaThread "mysql-cj-abandoned-connection-cleanup" daemon [_thread_blocked, id=23092, stack(0x000000bb32000000,0x000000bb32100000) (1024K)]
  0x000002a476b94130 JavaThread "HikariPool-1 housekeeper"   daemon [_thread_blocked, id=4264, stack(0x000000bb32200000,0x000000bb32300000) (1024K)]
  0x000002a476b947c0 JavaThread "HikariPool-1 connection adder" daemon [_thread_blocked, id=12656, stack(0x000000bb32300000,0x000000bb32400000) (1024K)]
  0x000002a476b96f20 JavaThread "ClassGraph-worker-28"       daemon [_thread_blocked, id=21720, stack(0x000000bb32400000,0x000000bb32500000) (1024K)]
  0x000002a476b975b0 JavaThread "ClassGraph-worker-29"       daemon [_thread_blocked, id=13620, stack(0x000000bb32500000,0x000000bb32600000) (1024K)]
  0x000002a476b954e0 JavaThread "ClassGraph-worker-30"       daemon [_thread_blocked, id=22508, stack(0x000000bb32600000,0x000000bb32700000) (1024K)]
  0x000002a476b96200 JavaThread "ClassGraph-worker-31"       daemon [_thread_blocked, id=6332, stack(0x000000bb32700000,0x000000bb32800000) (1024K)]
  0x000002a476b95b70 JavaThread "ClassGraph-worker-32"       daemon [_thread_blocked, id=21512, stack(0x000000bb32800000,0x000000bb32900000) (1024K)]
  0x000002a476b96890 JavaThread "ClassGraph-worker-33"       daemon [_thread_blocked, id=6416, stack(0x000000bb32900000,0x000000bb32a00000) (1024K)]
  0x000002a47791ad20 JavaThread "ClassGraph-worker-34"       daemon [_thread_blocked, id=22048, stack(0x000000bb32a00000,0x000000bb32b00000) (1024K)]
  0x000002a47791fbe0 JavaThread "ClassGraph-worker-35"       daemon [_thread_blocked, id=22552, stack(0x000000bb32b00000,0x000000bb32c00000) (1024K)]
  0x000002a477920270 JavaThread "ClassGraph-worker-36"       daemon [_thread_blocked, id=21528, stack(0x000000bb32c00000,0x000000bb32d00000) (1024K)]
  0x000002a47791b3b0 JavaThread "ClassGraph-worker-37"       daemon [_thread_blocked, id=18224, stack(0x000000bb32d00000,0x000000bb32e00000) (1024K)]
  0x000002a47791e830 JavaThread "ClassGraph-worker-38"       daemon [_thread_blocked, id=15840, stack(0x000000bb32e00000,0x000000bb32f00000) (1024K)]
  0x000002a47791e1a0 JavaThread "ClassGraph-worker-39"       daemon [_thread_blocked, id=10876, stack(0x000000bb32f00000,0x000000bb33000000) (1024K)]
  0x000002a47791ba40 JavaThread "ClassGraph-worker-40"       daemon [_thread_blocked, id=9396, stack(0x000000bb33000000,0x000000bb33100000) (1024K)]
  0x000002a47791c0d0 JavaThread "ClassGraph-worker-41"       daemon [_thread_blocked, id=19596, stack(0x000000bb33100000,0x000000bb33200000) (1024K)]
Total: 37

Other Threads:
=>0x000002a42f7bd540 VMThread "VM Thread"                           [id=22428, stack(0x000000bb30400000,0x000000bb30500000) (1024K)]
  0x000002a42f7a4790 WatcherThread "VM Periodic Task Thread"        [id=15660, stack(0x000000bb30300000,0x000000bb30400000) (1024K)]
  0x000002a41f1463d0 WorkerThread "GC Thread#0"                     [id=12528, stack(0x000000bb2ff00000,0x000000bb30000000) (1024K)]
  0x000002a4757effe0 WorkerThread "GC Thread#1"                     [id=16492, stack(0x000000bb31200000,0x000000bb31300000) (1024K)]
  0x000002a4757f0380 WorkerThread "GC Thread#2"                     [id=22744, stack(0x000000bb31300000,0x000000bb31400000) (1024K)]
  0x000002a4757c7a10 WorkerThread "GC Thread#3"                     [id=22784, stack(0x000000bb31400000,0x000000bb31500000) (1024K)]
  0x000002a475828840 WorkerThread "GC Thread#4"                     [id=13508, stack(0x000000bb31500000,0x000000bb31600000) (1024K)]
  0x000002a475828be0 WorkerThread "GC Thread#5"                     [id=23900, stack(0x000000bb31600000,0x000000bb31700000) (1024K)]
  0x000002a475828f80 WorkerThread "GC Thread#6"                     [id=24276, stack(0x000000bb31700000,0x000000bb31800000) (1024K)]
  0x000002a475c6e650 WorkerThread "GC Thread#7"                     [id=21896, stack(0x000000bb31c00000,0x000000bb31d00000) (1024K)]
  0x000002a41f156e30 ConcurrentGCThread "G1 Main Marker"            [id=23560, stack(0x000000bb30000000,0x000000bb30100000) (1024K)]
  0x000002a41f157840 WorkerThread "G1 Conc#0"                       [id=19692, stack(0x000000bb30100000,0x000000bb30200000) (1024K)]
  0x000002a475d863c0 WorkerThread "G1 Conc#1"                       [id=14836, stack(0x000000bb31800000,0x000000bb31900000) (1024K)]
  0x000002a41f176c20 ConcurrentGCThread "G1 Refine#0"               [id=18552, stack(0x000000bb2fe00000,0x000000bb2ff00000) (1024K)]
  0x000002a41f11a3c0 ConcurrentGCThread "G1 Service"                [id=6860, stack(0x000000bb30200000,0x000000bb30300000) (1024K)]
Total: 15

Threads with active compile tasks:
C1 CompilerThread0     9410 6101 % !   1       nonapi.io.github.classgraph.fastzipfilereader.LogicalZipFile::readCentralDirectory @ 1477 (3373 bytes)
Total: 1

VM state: at safepoint (normal execution)

VM Mutex/Monitor currently owned by a thread:  ([mutex/lock_event])
[0x00007ffbaaf9cd68] Threads_lock - owner thread: 0x000002a42f7bd540
[0x00007ffbaaf9ce68] Heap_lock - owner thread: 0x000002a476b96200

Heap address: 0x0000000083200000, size: 1998 MB, Compressed Oops mode: 32-bit

CDS archive(s) mapped at: [0x000002a430000000-0x000002a430c90000-0x000002a430c90000), size 13172736, SharedBaseAddress: 0x000002a430000000, ArchiveRelocationMode: 1.
Compressed class space mapped at: 0x000002a431000000-0x000002a471000000, reserved size: 1073741824
Narrow klass base: 0x000002a430000000, Narrow klass shift: 0, Narrow klass range: 0x100000000

GC Precious Log:
 CardTable entry size: 512
 Card Set container configuration: InlinePtr #cards 5 size 8 Array Of Cards #cards 12 size 40 Howl #buckets 4 coarsen threshold 1843 Howl Bitmap #cards 512 size 80 coarsen threshold 460 Card regions per heap region 1 cards per card region 2048
 CPUs: 8 total, 8 available
 Memory: 7990M
 Large Page Support: Disabled
 NUMA Support: Disabled
 Compressed Oops: Enabled (32-bit)
 Heap Region Size: 1M
 Heap Min Capacity: 8M
 Heap Initial Capacity: 126M
 Heap Max Capacity: 1998M
 Pre-touch: Disabled
 Parallel Workers: 8
 Concurrent Workers: 2
 Concurrent Refinement Workers: 8
 Periodic GC: Disabled

Heap:
 garbage-first heap   total 130048K, used 45859K [0x0000000083200000, 0x0000000100000000)
  region size 1024K, 5 young (5120K), 5 survivors (5120K)
 Metaspace       used 62095K, committed 62848K, reserved 1114112K
  class space    used 8743K, committed 9088K, reserved 1048576K

Heap Regions: E=young(eden), S=young(survivor), O=old, HS=humongous(starts), HC=humongous(continues), CS=collection set, F=free, TAMS=top-at-mark-start, PB=parsable bottom
|   0|0x0000000083200000, 0x0000000083300000, 0x0000000083300000|100%|HS|  |TAMS 0x0000000083200000| PB 0x0000000083200000| Complete 
|   1|0x0000000083300000, 0x0000000083400000, 0x0000000083400000|100%| O|  |TAMS 0x0000000083300000| PB 0x0000000083300000| Untracked 
|   2|0x0000000083400000, 0x0000000083500000, 0x0000000083500000|100%| O|  |TAMS 0x0000000083400000| PB 0x0000000083400000| Untracked 
|   3|0x0000000083500000, 0x0000000083600000, 0x0000000083600000|100%| O|  |TAMS 0x0000000083500000| PB 0x0000000083500000| Untracked 
|   4|0x0000000083600000, 0x0000000083700000, 0x0000000083700000|100%| O|  |TAMS 0x0000000083600000| PB 0x0000000083600000| Untracked 
|   5|0x0000000083700000, 0x0000000083800000, 0x0000000083800000|100%| O|  |TAMS 0x0000000083700000| PB 0x0000000083700000| Untracked 
|   6|0x0000000083800000, 0x0000000083900000, 0x0000000083900000|100%| O|  |TAMS 0x0000000083800000| PB 0x0000000083800000| Untracked 
|   7|0x0000000083900000, 0x0000000083a00000, 0x0000000083a00000|100%| O|  |TAMS 0x0000000083900000| PB 0x0000000083900000| Untracked 
|   8|0x0000000083a00000, 0x0000000083b00000, 0x0000000083b00000|100%| O|  |TAMS 0x0000000083a00000| PB 0x0000000083a00000| Untracked 
|   9|0x0000000083b00000, 0x0000000083c00000, 0x0000000083c00000|100%| O|  |TAMS 0x0000000083b00000| PB 0x0000000083b00000| Untracked 
|  10|0x0000000083c00000, 0x0000000083d00000, 0x0000000083d00000|100%| O|  |TAMS 0x0000000083c00000| PB 0x0000000083c00000| Untracked 
|  11|0x0000000083d00000, 0x0000000083e00000, 0x0000000083e00000|100%| O|  |TAMS 0x0000000083d00000| PB 0x0000000083d00000| Untracked 
|  12|0x0000000083e00000, 0x0000000083f00000, 0x0000000083f00000|100%| O|  |TAMS 0x0000000083e00000| PB 0x0000000083e00000| Untracked 
|  13|0x0000000083f00000, 0x0000000084000000, 0x0000000084000000|100%| O|  |TAMS 0x0000000083f00000| PB 0x0000000083f00000| Untracked 
|  14|0x0000000084000000, 0x0000000084100000, 0x0000000084100000|100%| O|  |TAMS 0x0000000084000000| PB 0x0000000084000000| Untracked 
|  15|0x0000000084100000, 0x0000000084200000, 0x0000000084200000|100%| O|  |TAMS 0x0000000084100000| PB 0x0000000084100000| Untracked 
|  16|0x0000000084200000, 0x0000000084300000, 0x0000000084300000|100%| O|  |TAMS 0x0000000084200000| PB 0x0000000084200000| Untracked 
|  17|0x0000000084300000, 0x0000000084300000, 0x0000000084400000|  0%| F|  |TAMS 0x0000000084300000| PB 0x0000000084300000| Untracked 
|  18|0x0000000084400000, 0x0000000084500000, 0x0000000084500000|100%| O|  |TAMS 0x0000000084400000| PB 0x0000000084400000| Untracked 
|  19|0x0000000084500000, 0x0000000084600000, 0x0000000084600000|100%| O|  |TAMS 0x0000000084500000| PB 0x0000000084500000| Untracked 
|  20|0x0000000084600000, 0x0000000084700000, 0x0000000084700000|100%| O|  |TAMS 0x0000000084600000| PB 0x0000000084600000| Untracked 
|  21|0x0000000084700000, 0x0000000084800000, 0x0000000084800000|100%| O|  |TAMS 0x0000000084700000| PB 0x0000000084700000| Untracked 
|  22|0x0000000084800000, 0x0000000084900000, 0x0000000084900000|100%| O|  |TAMS 0x0000000084800000| PB 0x0000000084800000| Untracked 
|  23|0x0000000084900000, 0x0000000084a00000, 0x0000000084a00000|100%| O|  |TAMS 0x0000000084900000| PB 0x0000000084900000| Untracked 
|  24|0x0000000084a00000, 0x0000000084b00000, 0x0000000084b00000|100%| O|  |TAMS 0x0000000084a00000| PB 0x0000000084a00000| Untracked 
|  25|0x0000000084b00000, 0x0000000084c00000, 0x0000000084c00000|100%| O|  |TAMS 0x0000000084b00000| PB 0x0000000084b00000| Untracked 
|  26|0x0000000084c00000, 0x0000000084d00000, 0x0000000084d00000|100%| O|  |TAMS 0x0000000084c00000| PB 0x0000000084c00000| Untracked 
|  27|0x0000000084d00000, 0x0000000084e00000, 0x0000000084e00000|100%| O|  |TAMS 0x0000000084d00000| PB 0x0000000084d00000| Untracked 
|  28|0x0000000084e00000, 0x0000000084f00000, 0x0000000084f00000|100%| O|  |TAMS 0x0000000084e00000| PB 0x0000000084e00000| Untracked 
|  29|0x0000000084f00000, 0x0000000085000000, 0x0000000085000000|100%| O|  |TAMS 0x0000000084f00000| PB 0x0000000084f00000| Untracked 
|  30|0x0000000085000000, 0x0000000085000000, 0x0000000085100000|  0%| F|  |TAMS 0x0000000085000000| PB 0x0000000085000000| Untracked 
|  31|0x0000000085100000, 0x0000000085200000, 0x0000000085200000|100%| O|  |TAMS 0x0000000085100000| PB 0x0000000085100000| Untracked 
|  32|0x0000000085200000, 0x0000000085300000, 0x0000000085300000|100%| O|  |TAMS 0x0000000085200000| PB 0x0000000085200000| Untracked 
|  33|0x0000000085300000, 0x0000000085400000, 0x0000000085400000|100%| O|  |TAMS 0x0000000085300000| PB 0x0000000085300000| Untracked 
|  34|0x0000000085400000, 0x0000000085500000, 0x0000000085500000|100%| O|  |TAMS 0x0000000085400000| PB 0x0000000085400000| Untracked 
|  35|0x0000000085500000, 0x0000000085600000, 0x0000000085600000|100%| O|  |TAMS 0x0000000085500000| PB 0x0000000085500000| Untracked 
|  36|0x0000000085600000, 0x0000000085700000, 0x0000000085700000|100%| O|  |TAMS 0x0000000085600000| PB 0x0000000085600000| Untracked 
|  37|0x0000000085700000, 0x0000000085800000, 0x0000000085800000|100%| O|  |TAMS 0x0000000085700000| PB 0x0000000085700000| Untracked 
|  38|0x0000000085800000, 0x0000000085900000, 0x0000000085900000|100%| O|  |TAMS 0x0000000085800000| PB 0x0000000085800000| Untracked 
|  39|0x0000000085900000, 0x0000000085a00000, 0x0000000085a00000|100%| O|  |TAMS 0x0000000085900000| PB 0x0000000085900000| Untracked 
|  40|0x0000000085a00000, 0x0000000085b00000, 0x0000000085b00000|100%| O|  |TAMS 0x0000000085a00000| PB 0x0000000085a00000| Untracked 
|  41|0x0000000085b00000, 0x0000000085c00000, 0x0000000085c00000|100%| S|CS|TAMS 0x0000000085b00000| PB 0x0000000085b00000| Complete 
|  42|0x0000000085c00000, 0x0000000085d00000, 0x0000000085d00000|100%| S|CS|TAMS 0x0000000085c00000| PB 0x0000000085c00000| Complete 
|  43|0x0000000085d00000, 0x0000000085e00000, 0x0000000085e00000|100%| S|CS|TAMS 0x0000000085d00000| PB 0x0000000085d00000| Complete 
|  44|0x0000000085e00000, 0x0000000085f00000, 0x0000000085f00000|100%| S|CS|TAMS 0x0000000085e00000| PB 0x0000000085e00000| Complete 
|  45|0x0000000085f00000, 0x0000000086000000, 0x0000000086000000|100%| S|CS|TAMS 0x0000000085f00000| PB 0x0000000085f00000| Complete 
|  46|0x0000000086000000, 0x0000000086000000, 0x0000000086100000|  0%| F|  |TAMS 0x0000000086000000| PB 0x0000000086000000| Untracked 
|  47|0x0000000086100000, 0x0000000086100000, 0x0000000086200000|  0%| F|  |TAMS 0x0000000086100000| PB 0x0000000086100000| Untracked 
|  48|0x0000000086200000, 0x0000000086200000, 0x0000000086300000|  0%| F|  |TAMS 0x0000000086200000| PB 0x0000000086200000| Untracked 
|  49|0x0000000086300000, 0x0000000086300000, 0x0000000086400000|  0%| F|  |TAMS 0x0000000086300000| PB 0x0000000086300000| Untracked 
|  50|0x0000000086400000, 0x0000000086400000, 0x0000000086500000|  0%| F|  |TAMS 0x0000000086400000| PB 0x0000000086400000| Untracked 
|  51|0x0000000086500000, 0x0000000086500000, 0x0000000086600000|  0%| F|  |TAMS 0x0000000086500000| PB 0x0000000086500000| Untracked 
|  52|0x0000000086600000, 0x0000000086600000, 0x0000000086700000|  0%| F|  |TAMS 0x0000000086600000| PB 0x0000000086600000| Untracked 
|  53|0x0000000086700000, 0x0000000086700000, 0x0000000086800000|  0%| F|  |TAMS 0x0000000086700000| PB 0x0000000086700000| Untracked 
|  54|0x0000000086800000, 0x0000000086800000, 0x0000000086900000|  0%| F|  |TAMS 0x0000000086800000| PB 0x0000000086800000| Untracked 
|  55|0x0000000086900000, 0x0000000086900000, 0x0000000086a00000|  0%| F|  |TAMS 0x0000000086900000| PB 0x0000000086900000| Untracked 
|  56|0x0000000086a00000, 0x0000000086a00000, 0x0000000086b00000|  0%| F|  |TAMS 0x0000000086a00000| PB 0x0000000086a00000| Untracked 
|  57|0x0000000086b00000, 0x0000000086b00000, 0x0000000086c00000|  0%| F|  |TAMS 0x0000000086b00000| PB 0x0000000086b00000| Untracked 
|  58|0x0000000086c00000, 0x0000000086c00000, 0x0000000086d00000|  0%| F|  |TAMS 0x0000000086c00000| PB 0x0000000086c00000| Untracked 
|  59|0x0000000086d00000, 0x0000000086d00000, 0x0000000086e00000|  0%| F|  |TAMS 0x0000000086d00000| PB 0x0000000086d00000| Untracked 
|  60|0x0000000086e00000, 0x0000000086e00000, 0x0000000086f00000|  0%| F|  |TAMS 0x0000000086e00000| PB 0x0000000086e00000| Untracked 
|  61|0x0000000086f00000, 0x0000000086f00000, 0x0000000087000000|  0%| F|  |TAMS 0x0000000086f00000| PB 0x0000000086f00000| Untracked 
|  62|0x0000000087000000, 0x0000000087000000, 0x0000000087100000|  0%| F|  |TAMS 0x0000000087000000| PB 0x0000000087000000| Untracked 
|  63|0x0000000087100000, 0x0000000087100000, 0x0000000087200000|  0%| F|  |TAMS 0x0000000087100000| PB 0x0000000087100000| Untracked 
|  64|0x0000000087200000, 0x0000000087200000, 0x0000000087300000|  0%| F|  |TAMS 0x0000000087200000| PB 0x0000000087200000| Untracked 
|  65|0x0000000087300000, 0x0000000087300000, 0x0000000087400000|  0%| F|  |TAMS 0x0000000087300000| PB 0x0000000087300000| Untracked 
|  66|0x0000000087400000, 0x0000000087400000, 0x0000000087500000|  0%| F|  |TAMS 0x0000000087400000| PB 0x0000000087400000| Untracked 
|  67|0x0000000087500000, 0x0000000087500000, 0x0000000087600000|  0%| F|  |TAMS 0x0000000087500000| PB 0x0000000087500000| Untracked 
|  68|0x0000000087600000, 0x0000000087600000, 0x0000000087700000|  0%| F|  |TAMS 0x0000000087600000| PB 0x0000000087600000| Untracked 
|  69|0x0000000087700000, 0x0000000087700000, 0x0000000087800000|  0%| F|  |TAMS 0x0000000087700000| PB 0x0000000087700000| Untracked 
|  70|0x0000000087800000, 0x0000000087800000, 0x0000000087900000|  0%| F|  |TAMS 0x0000000087800000| PB 0x0000000087800000| Untracked 
|  71|0x0000000087900000, 0x0000000087900000, 0x0000000087a00000|  0%| F|  |TAMS 0x0000000087900000| PB 0x0000000087900000| Untracked 
|  72|0x0000000087a00000, 0x0000000087a00000, 0x0000000087b00000|  0%| F|  |TAMS 0x0000000087a00000| PB 0x0000000087a00000| Untracked 
|  73|0x0000000087b00000, 0x0000000087b00000, 0x0000000087c00000|  0%| F|  |TAMS 0x0000000087b00000| PB 0x0000000087b00000| Untracked 
|  74|0x0000000087c00000, 0x0000000087c00000, 0x0000000087d00000|  0%| F|  |TAMS 0x0000000087c00000| PB 0x0000000087c00000| Untracked 
|  75|0x0000000087d00000, 0x0000000087d00000, 0x0000000087e00000|  0%| F|  |TAMS 0x0000000087d00000| PB 0x0000000087d00000| Untracked 
|  76|0x0000000087e00000, 0x0000000087e00000, 0x0000000087f00000|  0%| F|  |TAMS 0x0000000087e00000| PB 0x0000000087e00000| Untracked 
|  77|0x0000000087f00000, 0x0000000087f00000, 0x0000000088000000|  0%| F|  |TAMS 0x0000000087f00000| PB 0x0000000087f00000| Untracked 
|  78|0x0000000088000000, 0x0000000088000000, 0x0000000088100000|  0%| F|  |TAMS 0x0000000088000000| PB 0x0000000088000000| Untracked 
|  79|0x0000000088100000, 0x0000000088100000, 0x0000000088200000|  0%| F|  |TAMS 0x0000000088100000| PB 0x0000000088100000| Untracked 
|  80|0x0000000088200000, 0x0000000088200000, 0x0000000088300000|  0%| F|  |TAMS 0x0000000088200000| PB 0x0000000088200000| Untracked 
|  81|0x0000000088300000, 0x0000000088300000, 0x0000000088400000|  0%| F|  |TAMS 0x0000000088300000| PB 0x0000000088300000| Untracked 
|  82|0x0000000088400000, 0x0000000088400000, 0x0000000088500000|  0%| F|  |TAMS 0x0000000088400000| PB 0x0000000088400000| Untracked 
|  83|0x0000000088500000, 0x0000000088500000, 0x0000000088600000|  0%| F|  |TAMS 0x0000000088500000| PB 0x0000000088500000| Untracked 
|  84|0x0000000088600000, 0x0000000088600000, 0x0000000088700000|  0%| F|  |TAMS 0x0000000088600000| PB 0x0000000088600000| Untracked 
|  85|0x0000000088700000, 0x0000000088700000, 0x0000000088800000|  0%| F|  |TAMS 0x0000000088700000| PB 0x0000000088700000| Untracked 
|  86|0x0000000088800000, 0x0000000088800000, 0x0000000088900000|  0%| F|  |TAMS 0x0000000088800000| PB 0x0000000088800000| Untracked 
|  87|0x0000000088900000, 0x0000000088900000, 0x0000000088a00000|  0%| F|  |TAMS 0x0000000088900000| PB 0x0000000088900000| Untracked 
|  88|0x0000000088a00000, 0x0000000088a00000, 0x0000000088b00000|  0%| F|  |TAMS 0x0000000088a00000| PB 0x0000000088a00000| Untracked 
|  89|0x0000000088b00000, 0x0000000088b00000, 0x0000000088c00000|  0%| F|  |TAMS 0x0000000088b00000| PB 0x0000000088b00000| Untracked 
|  90|0x0000000088c00000, 0x0000000088c00000, 0x0000000088d00000|  0%| F|  |TAMS 0x0000000088c00000| PB 0x0000000088c00000| Untracked 
|  91|0x0000000088d00000, 0x0000000088d00000, 0x0000000088e00000|  0%| F|  |TAMS 0x0000000088d00000| PB 0x0000000088d00000| Untracked 
|  92|0x0000000088e00000, 0x0000000088e00000, 0x0000000088f00000|  0%| F|  |TAMS 0x0000000088e00000| PB 0x0000000088e00000| Untracked 
|  93|0x0000000088f00000, 0x0000000088f00000, 0x0000000089000000|  0%| F|  |TAMS 0x0000000088f00000| PB 0x0000000088f00000| Untracked 
|  94|0x0000000089000000, 0x0000000089000000, 0x0000000089100000|  0%| F|  |TAMS 0x0000000089000000| PB 0x0000000089000000| Untracked 
|  95|0x0000000089100000, 0x0000000089100000, 0x0000000089200000|  0%| F|  |TAMS 0x0000000089100000| PB 0x0000000089100000| Untracked 
|  96|0x0000000089200000, 0x0000000089200000, 0x0000000089300000|  0%| F|  |TAMS 0x0000000089200000| PB 0x0000000089200000| Untracked 
|  97|0x0000000089300000, 0x0000000089300000, 0x0000000089400000|  0%| F|  |TAMS 0x0000000089300000| PB 0x0000000089300000| Untracked 
|  98|0x0000000089400000, 0x0000000089400000, 0x0000000089500000|  0%| F|  |TAMS 0x0000000089400000| PB 0x0000000089400000| Untracked 
|  99|0x0000000089500000, 0x0000000089500000, 0x0000000089600000|  0%| F|  |TAMS 0x0000000089500000| PB 0x0000000089500000| Untracked 
| 100|0x0000000089600000, 0x0000000089600000, 0x0000000089700000|  0%| F|  |TAMS 0x0000000089600000| PB 0x0000000089600000| Untracked 
| 101|0x0000000089700000, 0x0000000089700000, 0x0000000089800000|  0%| F|  |TAMS 0x0000000089700000| PB 0x0000000089700000| Untracked 
| 102|0x0000000089800000, 0x0000000089800000, 0x0000000089900000|  0%| F|  |TAMS 0x0000000089800000| PB 0x0000000089800000| Untracked 
| 103|0x0000000089900000, 0x0000000089900000, 0x0000000089a00000|  0%| F|  |TAMS 0x0000000089900000| PB 0x0000000089900000| Untracked 
| 104|0x0000000089a00000, 0x0000000089a00000, 0x0000000089b00000|  0%| F|  |TAMS 0x0000000089a00000| PB 0x0000000089a00000| Untracked 
| 105|0x0000000089b00000, 0x0000000089b00000, 0x0000000089c00000|  0%| F|  |TAMS 0x0000000089b00000| PB 0x0000000089b00000| Untracked 
| 106|0x0000000089c00000, 0x0000000089c00000, 0x0000000089d00000|  0%| F|  |TAMS 0x0000000089c00000| PB 0x0000000089c00000| Untracked 
| 107|0x0000000089d00000, 0x0000000089d00000, 0x0000000089e00000|  0%| F|  |TAMS 0x0000000089d00000| PB 0x0000000089d00000| Untracked 
| 108|0x0000000089e00000, 0x0000000089e00000, 0x0000000089f00000|  0%| F|  |TAMS 0x0000000089e00000| PB 0x0000000089e00000| Untracked 
| 109|0x0000000089f00000, 0x0000000089f00000, 0x000000008a000000|  0%| F|  |TAMS 0x0000000089f00000| PB 0x0000000089f00000| Untracked 
| 110|0x000000008a000000, 0x000000008a000000, 0x000000008a100000|  0%| F|  |TAMS 0x000000008a000000| PB 0x000000008a000000| Untracked 
| 111|0x000000008a100000, 0x000000008a100000, 0x000000008a200000|  0%| F|  |TAMS 0x000000008a100000| PB 0x000000008a100000| Untracked 
| 112|0x000000008a200000, 0x000000008a200000, 0x000000008a300000|  0%| F|  |TAMS 0x000000008a200000| PB 0x000000008a200000| Untracked 
| 113|0x000000008a300000, 0x000000008a300000, 0x000000008a400000|  0%| F|  |TAMS 0x000000008a300000| PB 0x000000008a300000| Untracked 
| 114|0x000000008a400000, 0x000000008a400000, 0x000000008a500000|  0%| F|  |TAMS 0x000000008a400000| PB 0x000000008a400000| Untracked 
| 115|0x000000008a500000, 0x000000008a500000, 0x000000008a600000|  0%| F|  |TAMS 0x000000008a500000| PB 0x000000008a500000| Untracked 
| 116|0x000000008a600000, 0x000000008a600000, 0x000000008a700000|  0%| F|  |TAMS 0x000000008a600000| PB 0x000000008a600000| Untracked 
| 117|0x000000008a700000, 0x000000008a700000, 0x000000008a800000|  0%| F|  |TAMS 0x000000008a700000| PB 0x000000008a700000| Untracked 
| 118|0x000000008a800000, 0x000000008a800000, 0x000000008a900000|  0%| F|  |TAMS 0x000000008a800000| PB 0x000000008a800000| Untracked 
| 119|0x000000008a900000, 0x000000008a900000, 0x000000008aa00000|  0%| F|  |TAMS 0x000000008a900000| PB 0x000000008a900000| Untracked 
| 120|0x000000008aa00000, 0x000000008aa00000, 0x000000008ab00000|  0%| F|  |TAMS 0x000000008aa00000| PB 0x000000008aa00000| Untracked 
| 121|0x000000008ab00000, 0x000000008ab00000, 0x000000008ac00000|  0%| F|  |TAMS 0x000000008ab00000| PB 0x000000008ab00000| Untracked 
| 122|0x000000008ac00000, 0x000000008ac00000, 0x000000008ad00000|  0%| F|  |TAMS 0x000000008ac00000| PB 0x000000008ac00000| Untracked 
| 123|0x000000008ad00000, 0x000000008ad00000, 0x000000008ae00000|  0%| F|  |TAMS 0x000000008ad00000| PB 0x000000008ad00000| Untracked 
| 124|0x000000008ae00000, 0x000000008ae00000, 0x000000008af00000|  0%| F|  |TAMS 0x000000008ae00000| PB 0x000000008ae00000| Untracked 
| 125|0x000000008af00000, 0x000000008af00000, 0x000000008b000000|  0%| F|  |TAMS 0x000000008af00000| PB 0x000000008af00000| Untracked 
|1997|0x00000000fff00000, 0x00000000fffc8ca0, 0x0000000100000000| 78%| O|  |TAMS 0x00000000fff00000| PB 0x00000000fff00000| Untracked 

Card table byte_map: [0x000002a42ab50000,0x000002a42af40000] _byte_map_base: 0x000002a42a737000

Marking Bits: (CMBitMap*) 0x000002a41f1469e0
 Bits: [0x000002a42af40000, 0x000002a42ce78000)

Polling page: 0x000002a41e8b0000

Metaspace:

Usage:
  Non-class:     52.10 MB used.
      Class:      8.54 MB used.
       Both:     60.64 MB used.

Virtual space:
  Non-class space:       64.00 MB reserved,      52.50 MB ( 82%) committed,  1 nodes.
      Class space:        1.00 GB reserved,       8.88 MB ( <1%) committed,  1 nodes.
             Both:        1.06 GB reserved,      61.38 MB (  6%) committed. 

Chunk freelists:
   Non-Class:  11.14 MB
       Class:  7.17 MB
        Both:  18.31 MB

MaxMetaspaceSize: unlimited
CompressedClassSpaceSize: 1.00 GB
Initial GC threshold: 21.00 MB
Current GC threshold: 102.12 MB
CDS: on
 - commit_granule_bytes: 65536.
 - commit_granule_words: 8192.
 - virtual_space_node_default_size: 8388608.
 - enlarge_chunks_in_place: 1.
 - use_allocation_guard: 0.


Internal statistics:

num_allocs_failed_limit: 6.
num_arena_births: 1078.
num_arena_deaths: 0.
num_vsnodes_births: 2.
num_vsnodes_deaths: 0.
num_space_committed: 982.
num_space_uncommitted: 0.
num_chunks_returned_to_freelist: 6.
num_chunks_taken_from_freelist: 3335.
num_chunk_merges: 6.
num_chunk_splits: 2391.
num_chunks_enlarged: 1841.
num_inconsistent_stats: 0.

CodeCache: size=49152Kb used=12690Kb max_used=12690Kb free=36461Kb
 bounds [0x000002a427540000, 0x000002a4281b0000, 0x000002a42a540000]
 total_blobs=6745 nmethods=6038 adapters=625
 compilation: enabled
              stopped_count=0, restarted_count=0
 full_count=0

Compilation events (20 events):
Event: 9.321 Thread 0x000002a475c797e0 6112   !   1       nonapi.io.github.classgraph.fastzipfilereader.NestedJarHandler$8::close (37 bytes)
Event: 9.322 Thread 0x000002a475c797e0 nmethod 6112 0x000002a42819ef90 code [0x000002a42819f180, 0x000002a42819f4e8]
Event: 9.322 Thread 0x000002a42fb40ad0 6113       1       nonapi.io.github.classgraph.fastzipfilereader.NestedJarHandler::access$100 (5 bytes)
Event: 9.323 Thread 0x000002a42fb40ad0 nmethod 6113 0x000002a42819f710 code [0x000002a42819f8a0, 0x000002a42819f950]
Event: 9.323 Thread 0x000002a42fb40ad0 6114   !   1       nonapi.io.github.classgraph.utils.FileUtils::checkCanReadAndIsFile (109 bytes)
Event: 9.323 Thread 0x000002a42fb41180 6115       1       nonapi.io.github.classgraph.fileslice.Slice::<init> (13 bytes)
Event: 9.323 Thread 0x000002a42fb41180 nmethod 6115 0x000002a42819fa10 code [0x000002a42819fbc0, 0x000002a42819fcd0]
Event: 9.323 Thread 0x000002a475c797e0 6116       1       nonapi.io.github.classgraph.fastzipfilereader.PhysicalZipFile::hashCode (46 bytes)
Event: 9.323 Thread 0x000002a475c797e0 nmethod 6116 0x000002a42819fd90 code [0x000002a42819ff40, 0x000002a4281a00b8]
Event: 9.324 Thread 0x000002a475c797e0 6117       1       nonapi.io.github.classgraph.fastzipfilereader.PhysicalZipFile::getPathStr (5 bytes)
Event: 9.324 Thread 0x000002a475c797e0 nmethod 6117 0x000002a4281a0210 code [0x000002a4281a03a0, 0x000002a4281a0468]
Event: 9.324 Thread 0x000002a42fb40ad0 nmethod 6114 0x000002a4281a0510 code [0x000002a4281a0860, 0x000002a4281a12d8]
Event: 9.325 Thread 0x000002a42fb40ad0 6118       1       nonapi.io.github.classgraph.fastzipfilereader.NestedJarHandler::access$200 (5 bytes)
Event: 9.325 Thread 0x000002a475c797e0 6119       1       nonapi.io.github.classgraph.fastzipfilereader.ZipFileSlice::hashCode (29 bytes)
Event: 9.325 Thread 0x000002a42fb40ad0 nmethod 6118 0x000002a4281a1b10 code [0x000002a4281a1ca0, 0x000002a4281a1d50]
Event: 9.325 Thread 0x000002a475c797e0 nmethod 6119 0x000002a4281a1e10 code [0x000002a4281a1fe0, 0x000002a4281a23c8]
Event: 9.334 Thread 0x000002a475c797e0 6120       1       java.io.File::getCanonicalPath (31 bytes)
Event: 9.336 Thread 0x000002a475c797e0 nmethod 6120 0x000002a4281a2510 code [0x000002a4281a26e0, 0x000002a4281a28d0]
Event: 9.337 Thread 0x000002a42fb40ad0 6121   !   1       java.io.WinNTFileSystem::canonicalize (199 bytes)
Event: 9.346 Thread 0x000002a42fb40ad0 nmethod 6121 0x000002a4281a3090 code [0x000002a4281a3380, 0x000002a4281a40d0]

GC Heap History (20 events):
Event: 4.046 GC heap after
{Heap after GC invocations=6 (full 0):
 garbage-first heap   total 55296K, used 18199K [0x0000000083200000, 0x0000000100000000)
  region size 1024K, 4 young (4096K), 4 survivors (4096K)
 Metaspace       used 27122K, committed 27712K, reserved 1114112K
  class space    used 3665K, committed 3904K, reserved 1048576K
}
Event: 4.802 GC heap before
{Heap before GC invocations=6 (full 0):
 garbage-first heap   total 55296K, used 43799K [0x0000000083200000, 0x0000000100000000)
  region size 1024K, 29 young (29696K), 4 survivors (4096K)
 Metaspace       used 31246K, committed 31936K, reserved 1114112K
  class space    used 4235K, committed 4544K, reserved 1048576K
}
Event: 4.820 GC heap after
{Heap after GC invocations=7 (full 0):
 garbage-first heap   total 68608K, used 20851K [0x0000000083200000, 0x0000000100000000)
  region size 1024K, 3 young (3072K), 3 survivors (3072K)
 Metaspace       used 31246K, committed 31936K, reserved 1114112K
  class space    used 4235K, committed 4544K, reserved 1048576K
}
Event: 5.117 GC heap before
{Heap before GC invocations=7 (full 0):
 garbage-first heap   total 68608K, used 30067K [0x0000000083200000, 0x0000000100000000)
  region size 1024K, 13 young (13312K), 3 survivors (3072K)
 Metaspace       used 33969K, committed 34560K, reserved 1114112K
  class space    used 4634K, committed 4928K, reserved 1048576K
}
Event: 5.120 GC heap after
{Heap after GC invocations=8 (full 0):
 garbage-first heap   total 68608K, used 20857K [0x0000000083200000, 0x0000000100000000)
  region size 1024K, 3 young (3072K), 3 survivors (3072K)
 Metaspace       used 33969K, committed 34560K, reserved 1114112K
  class space    used 4634K, committed 4928K, reserved 1048576K
}
Event: 6.223 GC heap before
{Heap before GC invocations=9 (full 0):
 garbage-first heap   total 68608K, used 56697K [0x0000000083200000, 0x0000000100000000)
  region size 1024K, 38 young (38912K), 3 survivors (3072K)
 Metaspace       used 43212K, committed 43840K, reserved 1114112K
  class space    used 5933K, committed 6208K, reserved 1048576K
}
Event: 6.230 GC heap after
{Heap after GC invocations=10 (full 0):
 garbage-first heap   total 68608K, used 23934K [0x0000000083200000, 0x0000000100000000)
  region size 1024K, 5 young (5120K), 5 survivors (5120K)
 Metaspace       used 43212K, committed 43840K, reserved 1114112K
  class space    used 5933K, committed 6208K, reserved 1048576K
}
Event: 7.166 GC heap before
{Heap before GC invocations=10 (full 0):
 garbage-first heap   total 68608K, used 56702K [0x0000000083200000, 0x0000000100000000)
  region size 1024K, 38 young (38912K), 5 survivors (5120K)
 Metaspace       used 52410K, committed 53056K, reserved 1114112K
  class space    used 7375K, committed 7680K, reserved 1048576K
}
Event: 7.174 GC heap after
{Heap after GC invocations=11 (full 0):
 garbage-first heap   total 68608K, used 25113K [0x0000000083200000, 0x0000000100000000)
  region size 1024K, 2 young (2048K), 2 survivors (2048K)
 Metaspace       used 52410K, committed 53056K, reserved 1114112K
  class space    used 7375K, committed 7680K, reserved 1048576K
}
Event: 8.025 GC heap before
{Heap before GC invocations=11 (full 0):
 garbage-first heap   total 68608K, used 46617K [0x0000000083200000, 0x0000000100000000)
  region size 1024K, 24 young (24576K), 2 survivors (2048K)
 Metaspace       used 57414K, committed 58048K, reserved 1114112K
  class space    used 8035K, committed 8320K, reserved 1048576K
}
Event: 8.031 GC heap after
{Heap after GC invocations=12 (full 0):
 garbage-first heap   total 68608K, used 26998K [0x0000000083200000, 0x0000000100000000)
  region size 1024K, 4 young (4096K), 4 survivors (4096K)
 Metaspace       used 57414K, committed 58048K, reserved 1114112K
  class space    used 8035K, committed 8320K, reserved 1048576K
}
Event: 8.387 GC heap before
{Heap before GC invocations=13 (full 0):
 garbage-first heap   total 68608K, used 59766K [0x0000000083200000, 0x0000000100000000)
  region size 1024K, 36 young (36864K), 4 survivors (4096K)
 Metaspace       used 58533K, committed 59264K, reserved 1114112K
  class space    used 8269K, committed 8576K, reserved 1048576K
}
Event: 8.392 GC heap after
{Heap after GC invocations=14 (full 0):
 garbage-first heap   total 68608K, used 28065K [0x0000000083200000, 0x0000000100000000)
  region size 1024K, 4 young (4096K), 4 survivors (4096K)
 Metaspace       used 58533K, committed 59264K, reserved 1114112K
  class space    used 8269K, committed 8576K, reserved 1048576K
}
Event: 8.980 GC heap before
{Heap before GC invocations=14 (full 0):
 garbage-first heap   total 68608K, used 58785K [0x0000000083200000, 0x0000000100000000)
  region size 1024K, 34 young (34816K), 4 survivors (4096K)
 Metaspace       used 61757K, committed 62528K, reserved 1114112K
  class space    used 8697K, committed 9024K, reserved 1048576K
}
Event: 8.988 GC heap after
{Heap after GC invocations=15 (full 0):
 garbage-first heap   total 68608K, used 30351K [0x0000000083200000, 0x0000000100000000)
  region size 1024K, 4 young (4096K), 4 survivors (4096K)
 Metaspace       used 61757K, committed 62528K, reserved 1114112K
  class space    used 8697K, committed 9024K, reserved 1048576K
}
Event: 9.034 GC heap before
{Heap before GC invocations=15 (full 0):
 garbage-first heap   total 68608K, used 32399K [0x0000000083200000, 0x0000000100000000)
  region size 1024K, 8 young (8192K), 4 survivors (4096K)
 Metaspace       used 61992K, committed 62720K, reserved 1114112K
  class space    used 8725K, committed 9024K, reserved 1048576K
}
Event: 9.041 GC heap after
{Heap after GC invocations=16 (full 0):
 garbage-first heap   total 68608K, used 30969K [0x0000000083200000, 0x0000000100000000)
  region size 1024K, 1 young (1024K), 1 survivors (1024K)
 Metaspace       used 61992K, committed 62720K, reserved 1114112K
  class space    used 8725K, committed 9024K, reserved 1048576K
}
Event: 9.171 GC heap before
{Heap before GC invocations=17 (full 0):
 garbage-first heap   total 87040K, used 61689K [0x0000000083200000, 0x0000000100000000)
  region size 1024K, 30 young (30720K), 1 survivors (1024K)
 Metaspace       used 62019K, committed 62720K, reserved 1114112K
  class space    used 8731K, committed 9024K, reserved 1048576K
}
Event: 9.176 GC heap after
{Heap after GC invocations=18 (full 0):
 garbage-first heap   total 87040K, used 36943K [0x0000000083200000, 0x0000000100000000)
  region size 1024K, 4 young (4096K), 4 survivors (4096K)
 Metaspace       used 62019K, committed 62720K, reserved 1114112K
  class space    used 8731K, committed 9024K, reserved 1048576K
}
Event: 9.361 GC heap before
{Heap before GC invocations=18 (full 0):
 garbage-first heap   total 87040K, used 73807K [0x0000000083200000, 0x0000000100000000)
  region size 1024K, 39 young (39936K), 4 survivors (4096K)
 Metaspace       used 62095K, committed 62848K, reserved 1114112K
  class space    used 8743K, committed 9088K, reserved 1048576K
}

Dll operation events (13 events):
Event: 0.065 Loaded shared library C:\Users\Asus\.jdks\openjdk-21.0.2\bin\java.dll
Event: 0.358 Loaded shared library C:\Users\Asus\.jdks\openjdk-21.0.2\bin\zip.dll
Event: 0.364 Loaded shared library C:\Users\Asus\.jdks\openjdk-21.0.2\bin\instrument.dll
Event: 0.370 Loaded shared library C:\Users\Asus\.jdks\openjdk-21.0.2\bin\net.dll
Event: 0.372 Loaded shared library C:\Users\Asus\.jdks\openjdk-21.0.2\bin\nio.dll
Event: 0.375 Loaded shared library C:\Users\Asus\.jdks\openjdk-21.0.2\bin\zip.dll
Event: 0.546 Loaded shared library C:\Program Files\JetBrains\IntelliJ IDEA 2023.3.2\bin\breakgen64.dll
Event: 0.555 Loaded shared library C:\Users\Asus\.jdks\openjdk-21.0.2\bin\jimage.dll
Event: 0.561 Loaded shared library C:\Users\Asus\.jdks\openjdk-21.0.2\bin\extnet.dll
Event: 0.591 Loaded shared library C:\Users\Asus\.jdks\openjdk-21.0.2\bin\management.dll
Event: 0.608 Loaded shared library C:\Users\Asus\.jdks\openjdk-21.0.2\bin\management_ext.dll
Event: 0.958 Loaded shared library C:\Users\Asus\.jdks\openjdk-21.0.2\bin\verify.dll
Event: 2.239 Loaded shared library C:\Users\Asus\.jdks\openjdk-21.0.2\bin\sunmscapi.dll

Deoptimization events (8 events):
Event: 3.827 Thread 0x000002a41f0ef5f0 DEOPT PACKING pc=0x000002a427d1220c sp=0x000000bb2f9fd260
Event: 3.827 Thread 0x000002a41f0ef5f0 DEOPT UNPACKING pc=0x000002a427594e42 sp=0x000000bb2f9fc718 mode 0
Event: 7.983 Thread 0x000002a41f0ef5f0 DEOPT PACKING pc=0x000002a427b9701c sp=0x000000bb2f9fc6f0
Event: 7.983 Thread 0x000002a41f0ef5f0 DEOPT UNPACKING pc=0x000002a427594e42 sp=0x000000bb2f9fbc48 mode 0
Event: 8.212 Thread 0x000002a41f0ef5f0 DEOPT PACKING pc=0x000002a427bab559 sp=0x000000bb2f9fc9a0
Event: 8.212 Thread 0x000002a41f0ef5f0 DEOPT UNPACKING pc=0x000002a427594e42 sp=0x000000bb2f9fbea8 mode 3
Event: 8.212 Thread 0x000002a41f0ef5f0 DEOPT PACKING pc=0x000002a427b4d42a sp=0x000000bb2f9fc960
Event: 8.212 Thread 0x000002a41f0ef5f0 DEOPT UNPACKING pc=0x000002a427594e42 sp=0x000000bb2f9fbea8 mode 3

Classes loaded (20 events):
Event: 8.956 Loading class java/lang/LayerInstantiationException
Event: 8.956 Loading class java/lang/LayerInstantiationException done
Event: 8.956 Loading class jdk/internal/loader/Loader
Event: 8.956 Loading class jdk/internal/loader/Loader done
Event: 8.969 Loading class java/io/IOError
Event: 8.969 Loading class java/io/IOError done
Event: 8.991 Loading class java/util/AbstractMap$SimpleEntry
Event: 8.991 Loading class java/util/AbstractMap$SimpleEntry done
Event: 9.013 Loading class sun/nio/fs/WindowsLinkSupport
Event: 9.013 Loading class sun/nio/fs/WindowsLinkSupport done
Event: 9.016 Loading class sun/nio/fs/WindowsFileSystemProvider$1
Event: 9.016 Loading class sun/nio/fs/WindowsFileSystemProvider$1 done
Event: 9.033 Loading class java/nio/channels/spi/AbstractInterruptibleChannel$1
Event: 9.033 Loading class sun/nio/ch/Interruptible
Event: 9.033 Loading class sun/nio/ch/Interruptible done
Event: 9.033 Loading class java/nio/channels/spi/AbstractInterruptibleChannel$1 done
Event: 9.041 Loading class java/nio/ReadOnlyBufferException
Event: 9.041 Loading class java/nio/ReadOnlyBufferException done
Event: 9.044 Loading class java/util/zip/DataFormatException
Event: 9.044 Loading class java/util/zip/DataFormatException done

Classes unloaded (0 events):
No events

Classes redefined (0 events):
No events

Internal exceptions (20 events):
Event: 9.274 Thread 0x000002a476b975b0 Exception <a 'sun/nio/fs/WindowsException'{0x0000000087e90cb0}> (0x0000000087e90cb0) 
thrown [s\open\src\hotspot\share\prims\jni.cpp, line 520]
Event: 9.274 Thread 0x000002a476b975b0 Exception <a 'sun/nio/fs/WindowsException'{0x0000000087e90f40}> (0x0000000087e90f40) 
thrown [s\open\src\hotspot\share\prims\jni.cpp, line 520]
Event: 9.275 Thread 0x000002a476b975b0 Exception <a 'sun/nio/fs/WindowsException'{0x0000000087e91850}> (0x0000000087e91850) 
thrown [s\open\src\hotspot\share\prims\jni.cpp, line 520]
Event: 9.275 Thread 0x000002a476b975b0 Exception <a 'sun/nio/fs/WindowsException'{0x0000000087e91b18}> (0x0000000087e91b18) 
thrown [s\open\src\hotspot\share\prims\jni.cpp, line 520]
Event: 9.275 Thread 0x000002a476b975b0 Exception <a 'sun/nio/fs/WindowsException'{0x0000000087e92400}> (0x0000000087e92400) 
thrown [s\open\src\hotspot\share\prims\jni.cpp, line 520]
Event: 9.275 Thread 0x000002a476b975b0 Exception <a 'sun/nio/fs/WindowsException'{0x0000000087e92698}> (0x0000000087e92698) 
thrown [s\open\src\hotspot\share\prims\jni.cpp, line 520]
Event: 9.275 Thread 0x000002a476b975b0 Exception <a 'sun/nio/fs/WindowsException'{0x0000000087e92f58}> (0x0000000087e92f58) 
thrown [s\open\src\hotspot\share\prims\jni.cpp, line 520]
Event: 9.275 Thread 0x000002a476b975b0 Exception <a 'sun/nio/fs/WindowsException'{0x0000000087e931b8}> (0x0000000087e931b8) 
thrown [s\open\src\hotspot\share\prims\jni.cpp, line 520]
Event: 9.275 Thread 0x000002a476b975b0 Exception <a 'sun/nio/fs/WindowsException'{0x0000000087e93a80}> (0x0000000087e93a80) 
thrown [s\open\src\hotspot\share\prims\jni.cpp, line 520]
Event: 9.275 Thread 0x000002a476b975b0 Exception <a 'sun/nio/fs/WindowsException'{0x0000000087e93cf0}> (0x0000000087e93cf0) 
thrown [s\open\src\hotspot\share\prims\jni.cpp, line 520]
Event: 9.275 Thread 0x000002a476b975b0 Exception <a 'sun/nio/fs/WindowsException'{0x0000000087e945b0}> (0x0000000087e945b0) 
thrown [s\open\src\hotspot\share\prims\jni.cpp, line 520]
Event: 9.275 Thread 0x000002a476b975b0 Exception <a 'sun/nio/fs/WindowsException'{0x0000000087e94818}> (0x0000000087e94818) 
thrown [s\open\src\hotspot\share\prims\jni.cpp, line 520]
Event: 9.275 Thread 0x000002a476b975b0 Exception <a 'sun/nio/fs/WindowsException'{0x0000000087e950e0}> (0x0000000087e950e0) 
thrown [s\open\src\hotspot\share\prims\jni.cpp, line 520]
Event: 9.275 Thread 0x000002a476b975b0 Exception <a 'sun/nio/fs/WindowsException'{0x0000000087e95350}> (0x0000000087e95350) 
thrown [s\open\src\hotspot\share\prims\jni.cpp, line 520]
Event: 9.276 Thread 0x000002a476b975b0 Exception <a 'sun/nio/fs/WindowsException'{0x0000000087e95c38}> (0x0000000087e95c38) 
thrown [s\open\src\hotspot\share\prims\jni.cpp, line 520]
Event: 9.276 Thread 0x000002a476b975b0 Exception <a 'sun/nio/fs/WindowsException'{0x0000000087e95ed0}> (0x0000000087e95ed0) 
thrown [s\open\src\hotspot\share\prims\jni.cpp, line 520]
Event: 9.276 Thread 0x000002a476b975b0 Exception <a 'sun/nio/fs/WindowsException'{0x0000000087e967c8}> (0x0000000087e967c8) 
thrown [s\open\src\hotspot\share\prims\jni.cpp, line 520]
Event: 9.276 Thread 0x000002a476b975b0 Exception <a 'sun/nio/fs/WindowsException'{0x0000000087e96a78}> (0x0000000087e96a78) 
thrown [s\open\src\hotspot\share\prims\jni.cpp, line 520]
Event: 9.276 Thread 0x000002a476b975b0 Exception <a 'sun/nio/fs/WindowsException'{0x0000000087e97368}> (0x0000000087e97368) 
thrown [s\open\src\hotspot\share\prims\jni.cpp, line 520]
Event: 9.276 Thread 0x000002a476b975b0 Exception <a 'sun/nio/fs/WindowsException'{0x0000000087e97608}> (0x0000000087e97608) 
thrown [s\open\src\hotspot\share\prims\jni.cpp, line 520]

ZGC Phase Switch (0 events):
No events

VM Operations (20 events):
Event: 8.392 Executing VM operation: G1CollectForAllocation (G1 Evacuation Pause) done
Event: 8.695 Executing VM operation: HandshakeAllThreads (Deoptimize)
Event: 8.695 Executing VM operation: HandshakeAllThreads (Deoptimize) done
Event: 8.717 Executing VM operation: HandshakeAllThreads (Deoptimize)
Event: 8.717 Executing VM operation: HandshakeAllThreads (Deoptimize) done
Event: 8.718 Executing VM operation: HandshakeAllThreads (Deoptimize)
Event: 8.718 Executing VM operation: HandshakeAllThreads (Deoptimize) done
Event: 8.980 Executing VM operation: G1CollectForAllocation (G1 Evacuation Pause)
Event: 8.988 Executing VM operation: G1CollectForAllocation (G1 Evacuation Pause) done
Event: 9.034 Executing VM operation: G1TryInitiateConcMark (G1 Humongous Allocation)
Event: 9.041 Executing VM operation: G1TryInitiateConcMark (G1 Humongous Allocation) done
Event: 9.126 Executing VM operation: G1PauseRemark
Event: 9.131 Executing VM operation: G1PauseRemark done
Event: 9.166 Executing VM operation: G1PauseCleanup
Event: 9.166 Executing VM operation: G1PauseCleanup done
Event: 9.171 Executing VM operation: G1CollectForAllocation (G1 Evacuation Pause)
Event: 9.178 Executing VM operation: G1CollectForAllocation (G1 Evacuation Pause) done
Event: 9.241 Executing VM operation: HandshakeAllThreads (Deoptimize)
Event: 9.241 Executing VM operation: HandshakeAllThreads (Deoptimize) done
Event: 9.361 Executing VM operation: G1CollectForAllocation (G1 Evacuation Pause)

Events (20 events):
Event: 9.251 Thread 0x000002a47791c760 Thread exited: 0x000002a47791c760
Event: 9.251 Thread 0x000002a476b95b70 Thread exited: 0x000002a476b95b70
Event: 9.251 Thread 0x000002a476b975b0 Thread exited: 0x000002a476b975b0
Event: 9.251 Thread 0x000002a47791ba40 Thread exited: 0x000002a47791ba40
Event: 9.251 Thread 0x000002a47791e830 Thread exited: 0x000002a47791e830
Event: 9.251 Thread 0x000002a47791cdf0 Thread exited: 0x000002a47791cdf0
Event: 9.271 Thread 0x000002a476b96f20 Thread added: 0x000002a476b96f20
Event: 9.272 Thread 0x000002a476b975b0 Thread added: 0x000002a476b975b0
Event: 9.272 Thread 0x000002a476b954e0 Thread added: 0x000002a476b954e0
Event: 9.272 Thread 0x000002a476b96200 Thread added: 0x000002a476b96200
Event: 9.272 Thread 0x000002a476b95b70 Thread added: 0x000002a476b95b70
Event: 9.272 Thread 0x000002a476b96890 Thread added: 0x000002a476b96890
Event: 9.273 Thread 0x000002a47791ad20 Thread added: 0x000002a47791ad20
Event: 9.273 Thread 0x000002a47791fbe0 Thread added: 0x000002a47791fbe0
Event: 9.273 Thread 0x000002a477920270 Thread added: 0x000002a477920270
Event: 9.273 Thread 0x000002a47791b3b0 Thread added: 0x000002a47791b3b0
Event: 9.273 Thread 0x000002a47791e830 Thread added: 0x000002a47791e830
Event: 9.273 Thread 0x000002a47791e1a0 Thread added: 0x000002a47791e1a0
Event: 9.275 Thread 0x000002a47791ba40 Thread added: 0x000002a47791ba40
Event: 9.276 Thread 0x000002a47791c0d0 Thread added: 0x000002a47791c0d0


Dynamic libraries:
0x00007ff689220000 - 0x00007ff68922e000 	C:\Users\Asus\.jdks\openjdk-21.0.2\bin\java.exe
0x00007ffbf8650000 - 0x00007ffbf8848000 	C:\Windows\SYSTEM32\ntdll.dll
0x00007ffbf6f60000 - 0x00007ffbf701d000 	C:\Windows\System32\KERNEL32.DLL
0x00007ffbf5e00000 - 0x00007ffbf60ce000 	C:\Windows\System32\KERNELBASE.dll
0x00007ffbf60d0000 - 0x00007ffbf61d0000 	C:\Windows\System32\ucrtbase.dll
0x00007ffbcfe30000 - 0x00007ffbcfe4b000 	C:\Users\Asus\.jdks\openjdk-21.0.2\bin\VCRUNTIME140.dll
0x00007ffbdb160000 - 0x00007ffbdb178000 	C:\Users\Asus\.jdks\openjdk-21.0.2\bin\jli.dll
0x00007ffbf7770000 - 0x00007ffbf7910000 	C:\Windows\System32\USER32.dll
0x00007ffbd92b0000 - 0x00007ffbd954a000 	C:\Windows\WinSxS\amd64_microsoft.windows.common-controls_6595b64144ccf1df_6.0.19041.1110_none_60b5254171f9507e\COMCTL32.dll
0x00007ffbf64c0000 - 0x00007ffbf64e2000 	C:\Windows\System32\win32u.dll
0x00007ffbf8100000 - 0x00007ffbf819e000 	C:\Windows\System32\msvcrt.dll
0x00007ffbf7910000 - 0x00007ffbf793a000 	C:\Windows\System32\GDI32.dll
0x00007ffbf65a0000 - 0x00007ffbf66ab000 	C:\Windows\System32\gdi32full.dll
0x00007ffbf6380000 - 0x00007ffbf641d000 	C:\Windows\System32\msvcp_win.dll
0x00007ffbf8210000 - 0x00007ffbf8240000 	C:\Windows\System32\IMM32.DLL
0x00007ffbf6dd0000 - 0x00007ffbf6e25000 	C:\Windows\System32\SHLWAPI.dll
0x00007ffbf8050000 - 0x00007ffbf80fe000 	C:\Windows\System32\ADVAPI32.dll
0x00007ffbf6d30000 - 0x00007ffbf6dcc000 	C:\Windows\System32\sechost.dll
0x00007ffbf7950000 - 0x00007ffbf7a75000 	C:\Windows\System32\RPCRT4.dll
0x00007ffbdca50000 - 0x00007ffbdca5c000 	C:\Users\Asus\.jdks\openjdk-21.0.2\bin\vcruntime140_1.dll
0x00007ffbbe6b0000 - 0x00007ffbbe73e000 	C:\Users\Asus\.jdks\openjdk-21.0.2\bin\msvcp140.dll
0x00007ffbaa360000 - 0x00007ffbab077000 	C:\Users\Asus\.jdks\openjdk-21.0.2\bin\server\jvm.dll
0x00007ffbf85a0000 - 0x00007ffbf860b000 	C:\Windows\System32\WS2_32.dll
0x00007ffbf52f0000 - 0x00007ffbf533b000 	C:\Windows\SYSTEM32\POWRPROF.dll
0x00007ffbe1fa0000 - 0x00007ffbe1fc7000 	C:\Windows\SYSTEM32\WINMM.dll
0x00007ffbed810000 - 0x00007ffbed81a000 	C:\Windows\SYSTEM32\VERSION.dll
0x00007ffbf51b0000 - 0x00007ffbf51c2000 	C:\Windows\SYSTEM32\UMPDC.dll
0x00007ffbf45f0000 - 0x00007ffbf4602000 	C:\Windows\SYSTEM32\kernel.appcore.dll
0x00007ffbdbe80000 - 0x00007ffbdbe8a000 	C:\Users\Asus\.jdks\openjdk-21.0.2\bin\jimage.dll
0x00007ffbf3990000 - 0x00007ffbf3b74000 	C:\Windows\SYSTEM32\DBGHELP.DLL
0x00007ffbe1580000 - 0x00007ffbe15ac000 	C:\Windows\SYSTEM32\dbgcore.DLL
0x00007ffbf5d70000 - 0x00007ffbf5df2000 	C:\Windows\System32\bcryptPrimitives.dll
0x00007ffbdab00000 - 0x00007ffbdab0f000 	C:\Users\Asus\.jdks\openjdk-21.0.2\bin\instrument.dll
0x00007ffbcfd20000 - 0x00007ffbcfd3f000 	C:\Users\Asus\.jdks\openjdk-21.0.2\bin\java.dll
0x00007ffbf7020000 - 0x00007ffbf7763000 	C:\Windows\System32\SHELL32.dll
0x00007ffbf3e40000 - 0x00007ffbf45d5000 	C:\Windows\SYSTEM32\windows.storage.dll
0x00007ffbf6710000 - 0x00007ffbf6a64000 	C:\Windows\System32\combase.dll
0x00007ffbf57d0000 - 0x00007ffbf5800000 	C:\Windows\SYSTEM32\Wldp.dll
0x00007ffbf8410000 - 0x00007ffbf84bd000 	C:\Windows\System32\SHCORE.dll
0x00007ffbf5cb0000 - 0x00007ffbf5ccf000 	C:\Windows\SYSTEM32\profapi.dll
0x00007ffbc86c0000 - 0x00007ffbc86d8000 	C:\Users\Asus\.jdks\openjdk-21.0.2\bin\zip.dll
0x00007ffbdb440000 - 0x00007ffbdb450000 	C:\Users\Asus\.jdks\openjdk-21.0.2\bin\net.dll
0x00007ffbf0600000 - 0x00007ffbf070a000 	C:\Windows\SYSTEM32\WINHTTP.dll
0x00007ffbf5530000 - 0x00007ffbf559a000 	C:\Windows\system32\mswsock.dll
0x00007ffbceb50000 - 0x00007ffbceb66000 	C:\Users\Asus\.jdks\openjdk-21.0.2\bin\nio.dll
0x00007ffbc8230000 - 0x00007ffbc824a000 	C:\Program Files\JetBrains\IntelliJ IDEA 2023.3.2\bin\breakgen64.dll
0x00007ffbdb150000 - 0x00007ffbdb159000 	C:\Users\Asus\.jdks\openjdk-21.0.2\bin\extnet.dll
0x00007ffbf5220000 - 0x00007ffbf52ea000 	C:\Windows\SYSTEM32\DNSAPI.dll
0x00007ffbf51d0000 - 0x00007ffbf520b000 	C:\Windows\SYSTEM32\IPHLPAPI.DLL
0x00007ffbf81a0000 - 0x00007ffbf81a8000 	C:\Windows\System32\NSI.dll
0x00007ffbeb9c0000 - 0x00007ffbeb9ca000 	C:\Windows\System32\rasadhlp.dll
0x00007ffbe72e0000 - 0x00007ffbe7360000 	C:\Windows\System32\fwpuclnt.dll
0x00007ffbf6420000 - 0x00007ffbf6447000 	C:\Windows\System32\bcrypt.dll
0x00007ffbccd80000 - 0x00007ffbccd8a000 	C:\Users\Asus\.jdks\openjdk-21.0.2\bin\management.dll
0x00007ffbc8510000 - 0x00007ffbc851b000 	C:\Users\Asus\.jdks\openjdk-21.0.2\bin\management_ext.dll
0x00007ffbf6d20000 - 0x00007ffbf6d28000 	C:\Windows\System32\PSAPI.DLL
0x00007ffbf5720000 - 0x00007ffbf5738000 	C:\Windows\SYSTEM32\CRYPTSP.dll
0x00007ffbf4e40000 - 0x00007ffbf4e74000 	C:\Windows\system32\rsaenh.dll
0x00007ffbf5c30000 - 0x00007ffbf5c5e000 	C:\Windows\SYSTEM32\USERENV.dll
0x00007ffbf5740000 - 0x00007ffbf574c000 	C:\Windows\SYSTEM32\CRYPTBASE.dll
0x00007ffbe4650000 - 0x00007ffbe4667000 	C:\Windows\system32\napinsp.dll
0x00007ffbe35d0000 - 0x00007ffbe35eb000 	C:\Windows\system32\pnrpnsp.dll
0x00007ffbf0820000 - 0x00007ffbf0835000 	C:\Windows\system32\wshbth.dll
0x00007ffbf1300000 - 0x00007ffbf131d000 	C:\Windows\system32\NLAapi.dll
0x00007ffbe1750000 - 0x00007ffbe1762000 	C:\Windows\System32\winrnr.dll
0x00007ffbd60b0000 - 0x00007ffbd60c0000 	C:\Users\Asus\.jdks\openjdk-21.0.2\bin\verify.dll
0x00007ffbc0cd0000 - 0x00007ffbc0cde000 	C:\Users\Asus\.jdks\openjdk-21.0.2\bin\sunmscapi.dll
0x00007ffbf61d0000 - 0x00007ffbf6326000 	C:\Windows\System32\CRYPT32.dll
0x00007ffbf5840000 - 0x00007ffbf5867000 	C:\Windows\SYSTEM32\ncrypt.dll
0x00007ffbf5800000 - 0x00007ffbf583b000 	C:\Windows\SYSTEM32\NTASN1.dll

dbghelp: loaded successfully - version: 4.0.5 - missing functions: none
symbol engine: initialized successfully - sym options: 0x614 - pdb path: .;C:\Users\Asus\.jdks\openjdk-21.0.2\bin;C:\Windows\SYSTEM32;C:\Windows\WinSxS\amd64_microsoft.windows.common-controls_6595b64144ccf1df_6.0.19041.1110_none_60b5254171f9507e;C:\Users\Asus\.jdks\openjdk-21.0.2\bin\server;C:\Program Files\JetBrains\IntelliJ IDEA 2023.3.2\bin

VM Arguments:
jvm_args: -XX:TieredStopAtLevel=1 -Dspring.output.ansi.enabled=always -Dcom.sun.management.jmxremote -Dspring.jmx.enabled=true -Dspring.liveBeansView.mbeanDomain -Dspring.application.admin.enabled=true -Dmanagement.endpoints.jmx.exposure.include=* -javaagent:C:\Program Files\JetBrains\IntelliJ IDEA 2023.3.2\lib\idea_rt.jar=56247:C:\Program Files\JetBrains\IntelliJ IDEA 2023.3.2\bin -Dfile.encoding=UTF-8 -Dsun.stdout.encoding=UTF-8 -Dsun.stderr.encoding=UTF-8 
java_command: tn.esprit.crud.CrudApplication
java_class_path (initial): C:\Users\Asus\IdeaProjects\CRUD\target\classes;C:\Users\Asus\.m2\repository\org\springframework\boot\spring-boot-starter-data-jpa\3.2.3\spring-boot-starter-data-jpa-3.2.3.jar;C:\Users\Asus\.m2\repository\org\springframework\boot\spring-boot-starter-aop\3.2.3\spring-boot-starter-aop-3.2.3.jar;C:\Users\Asus\.m2\repository\org\springframework\spring-aop\6.1.4\spring-aop-6.1.4.jar;C:\Users\Asus\.m2\repository\org\aspectj\aspectjweaver\1.9.21\aspectjweaver-1.9.21.jar;C:\Users\Asus\.m2\repository\org\springframework\boot\spring-boot-starter-jdbc\3.2.3\spring-boot-starter-jdbc-3.2.3.jar;C:\Users\Asus\.m2\repository\com\zaxxer\HikariCP\5.0.1\HikariCP-5.0.1.jar;C:\Users\Asus\.m2\repository\org\springframework\spring-jdbc\6.1.4\spring-jdbc-6.1.4.jar;C:\Users\Asus\.m2\repository\org\hibernate\orm\hibernate-core\6.4.4.Final\hibernate-core-6.4.4.Final.jar;C:\Users\Asus\.m2\repository\jakarta\persistence\jakarta.persistence-api\3.1.0\jakarta.persistence-api-3.1.0.jar;C:\Users\Asus\.m2\repository\jakarta\transaction\jakarta.transaction-api\2.0.1\jakarta.transaction-api-2.0.1.jar;C:\Users\Asus\.m2\repository\org\jboss\logging\jboss-logging\3.5.3.Final\jboss-logging-3.5.3.Final.jar;C:\Users\Asus\.m2\repository\org\hibernate\common\hibernate-commons-annotations\6.0.6.Final\hibernate-commons-annotations-6.0.6.Final.jar;C:\Users\Asus\.m2\repository\io\smallrye\jandex\3.1.2\jandex-3.1.2.jar;C:\Users\Asus\.m2\repository\com\fasterxml\classmate\1.6.0\classmate-1.6.0.jar;C:\Users\Asus\.m2\repository\net\bytebuddy\byte-buddy\1.14.12\byte-buddy-1.14.12.jar;C:\Users\Asus\.m2\repository\org\glassfish\jaxb\jaxb-runtime\4.0.4\jaxb-runtime-4.0.4.jar;C:\Users\Asus\.m2\repository\org\glassfish\jaxb\jaxb-core\4.0.4\jaxb-core-4.0.4.jar;C:\Users\Asus\.m2\repository\org\eclipse\angus\angus-activation\2.0.1\angus-activation-2.0.1.jar;C:\Users\Asus\.m2\repository\org\glassfish\jaxb\txw2\4.0.4\txw2-4.0.4.jar;C:\Users\Asus\.m2\repository\com\sun\istack\istack-commons-runtime\4.1.2\istack-commons-runtime-4.1.2.jar;C:\Users\Asus\.m2\repository\jakarta\inject\jakarta.inject-api\2.0.1\jakarta.inject-api-2.0.1.jar;C:\Users\Asus\.m2\repository\org\antlr\antlr4-runtime\4.13.0\antlr4-runtime-4.13.0.jar;C:\Users\Asus\.m2\repository\org\springframework\data\spring-data-jpa\3.2.3\spring-data-jpa-3.2.3.jar;C:\Users\Asus\.m2\repository\org\springframework\data\spring-data-commons\3.2.3\spring-data-commons-3.2.3.jar;C:\Users\Asus\.m2\repository\org\springframework\spring-orm\6.1.4\spring-orm-6.1.4.jar;C:\Users\Asus\.m2\repository\org\springframework\spring-context\6.1.4\spring-context-6.1.4.jar;C:\Users\Asus\.m2\repository\org\springframework\spring-tx\6.1.4\spring-tx-6.1.4.jar;C:\Users\Asus\.m2\repository\org\springframework\spring-beans\6.1.4\spring-beans-6.1.4.jar;C:\Users\Asus\.m2\repository\jakarta\annotation\jakarta.annotation-api\2.1.1\jakarta.annotation-api-2.1.1.jar;C:\Users\Asus\.m2\repository\org\slf4j\slf4j-api\2.0.12\slf4j-api-2.0.12.jar;C:\Users\Asus\.m2\repository\org\springframework\spring-aspects\6.1.4\spring-aspects-6.1.4.jar;C:\Users\Asus\.m2\repository\org\springframework\boot\spring-boot-starter-web\3.2.3\spring-boot-starter-web-3.2.3.jar;C:\Users\Asus\.m2\repository\org\springframework\boot\spring-boot-starter\3.2.3\spring-boot-starter-3.2.3.jar;C:\Users\Asus\.m2\repository\org\springframework\boot\spring-boot\3.2.3\spring-boot-3.2.3.jar;C:\Users\Asus\.m2\repository\org\springframework\boot\spring-boot-autoconfigure\3.2.3\spring-boot-autoconfigure-3.2.3.jar;C:\Users\Asus\.m2\repository\org\springframework\boot\spring-boot-starter-logging\3.2.3\spring-boot-starter-logging-3.2.3.jar;C:\Users\Asus\.m2\repository\ch\qos\logback\logback-classic\1.4.14\logback-classic-1.4.14.jar;C:\Users\Asus\.m2\repository\ch\qos\logback\logback-core\1.4.14\logback-core-1.4.14.jar;C:\Users\Asus\.m2\repository\org\apache\logging\log4j\log4j-to-slf4j\2.21.1\log4j-to-slf4j-2.21.1.jar;C:\Users\Asus\.m2\repository\org\apache\logging\log4j\log4j-api\2.21.1\log4j-api-2.21.1.jar;C:\Users\Asus\.m2\repository\org\slf4j\jul-to-slf4j\2.0.12\jul-to-slf4j-2.0.12.jar;C:\Users\Asus\.m2\repository\org\yaml\snakeyaml\2.2\snakeyaml-2.2.jar;C:\Users\Asus\.m2\repository\org\springframework\boot\spring-boot-starter-json\3.2.3\spring-boot-starter-json-3.2.3.jar;C:\Users\Asus\.m2\repository\com\fasterxml\jackson\core\jackson-databind\2.15.4\jackson-databind-2.15.4.jar;C:\Users\Asus\.m2\repository\com\fasterxml\jackson\core\jackson-annotations\2.15.4\jackson-annotations-2.15.4.jar;C:\Users\Asus\.m2\repository\com\fasterxml\jackson\core\jackson-core\2.15.4\jackson-core-2.15.4.jar;C:\Users\Asus\.m2\repository\com\fasterxml\jackson\datatype\jackson-datatype-jdk8\2.15.4\jackson-datatype-jdk8-2.15.4.jar;C:\Users\Asus\.m2\repository\com\fasterxml\jackson\datatype\jackson-datatype-jsr310\2.15.4\jackson-datatype-jsr310-2.15.4.jar;C:\Users\Asus\.m2\repository\com\fasterxml\jackson\module\jackson-module-parameter-names\2.15.4\jackson-module-parameter-names-2.15.4.jar;C:\Users\Asus\.m2\repository\org\springframework\boot\spring-boot-starter-tomcat\3.2.3\spring-boot-starter-tomcat-3.2.3.jar;C:\Users\Asus\.m2\repository\org\apache\tomcat\embed\tomcat-embed-core\10.1.19\tomcat-embed-core-10.1.19.jar;C:\Users\Asus\.m2\repository\org\apache\tomcat\embed\tomcat-embed-el\10.1.19\tomcat-embed-el-10.1.19.jar;C:\Users\Asus\.m2\repository\org\apache\tomcat\embed\tomcat-embed-websocket\10.1.19\tomcat-embed-websocket-10.1.19.jar;C:\Users\Asus\.m2\repository\org\springframework\spring-web\6.1.4\spring-web-6.1.4.jar;C:\Users\Asus\.m2\repository\io\micrometer\micrometer-observation\1.12.3\micrometer-observation-1.12.3.jar;C:\Users\Asus\.m2\repository\io\micrometer\micrometer-commons\1.12.3\micrometer-commons-1.12.3.jar;C:\Users\Asus\.m2\repository\org\springframework\spring-webmvc\6.1.4\spring-webmvc-6.1.4.jar;C:\Users\Asus\.m2\repository\org\springframework\spring-expression\6.1.4\spring-expression-6.1.4.jar;C:\Users\Asus\.m2\repository\com\mysql\mysql-connector-j\8.3.0\mysql-connector-j-8.3.0.jar;C:\Users\Asus\.m2\repository\com\cloudinary\cloudinary-http44\1.31.0\cloudinary-http44-1.31.0.jar;C:\Users\Asus\.m2\repository\com\cloudinary\cloudinary-core\1.31.0\cloudinary-core-1.31.0.jar;C:\Users\Asus\.m2\repository\org\apache\commons\commons-lang3\3.13.0\commons-lang3-3.13.0.jar;C:\Users\Asus\.m2\repository\org\apache\httpcomponents\httpclient\4.4\httpclient-4.4.jar;C:\Users\Asus\.m2\repository\org\apache\httpcomponents\httpcore\4.4.16\httpcore-4.4.16.jar;C:\Users\Asus\.m2\repository\commons-logging\commons-logging\1.2\commons-logging-1.2.jar;C:\Users\Asus\.m2\repository\commons-codec\commons-codec\1.16.1\commons-codec-1.16.1.jar;C:\Users\Asus\.m2\repository\org\apache\httpcomponents\httpmime\4.4\httpmime-4.4.jar;C:\Users\Asus\.m2\repository\org\projectlombok\lombok\1.18.30\lombok-1.18.30.jar;C:\Users\Asus\.m2\repository\jakarta\xml\bind\jakarta.xml.bind-api\4.0.1\jakarta.xml.bind-api-4.0.1.jar;C:\Users\Asus\.m2\repository\jakarta\activation\jakarta.activation-api\2.1.2\jakarta.activation-api-2.1.2.jar;C:\Users\Asus\.m2\repository\org\springframework\spring-core\6.1.4\spring-core-6.1.4.jar;C:\Users\Asus\.m2\repository\org\springframework\spring-jcl\6.1.4\spring-jcl-6.1.4.jar;C:\Users\Asus\.m2\repository\org\springdoc\springdoc-openapi-starter-webmvc-ui\2.0.2\springdoc-openapi-starter-webmvc-ui-2.0.2.jar;C:\Users\Asus\.m2\repository\org\springdoc\springdoc-openapi-starter-webmvc-api\2.0.2\springdoc-openapi-starter-webmvc-api-2.0.2.jar;C:\Users\Asus\.m2\repository\org\springdoc\springdoc-openapi-starter-common\2.0.2\springdoc-openapi-starter-common-2.0.2.jar;C:\Users\Asus\.m2\repository\io\swagger\core\v3\swagger-core-jakarta\2.2.7\swagger-core-jakarta-2.2.7.jar;C:\Users\Asus\.m2\repository\io\swagger\core\v3\swagger-annotations-jakarta\2.2.7\swagger-annotations-jakarta-2.2.7.jar;C:\Users\Asus\.m2\repository\io\swagger\core\v3\swagger-models-jakarta\2.2.7\swagger-models-jakarta-2.2.7.jar;C:\Users\Asus\.m2\repository\jakarta\validation\jakarta.validation-api\3.0.2\jakarta.validation-api-3.0.2.jar;C:\Users\Asus\.m2\repository\com\fasterxml\jackson\dataformat\jackson-dataformat-yaml\2.15.4\jackson-dataformat-yaml-2.15.4.jar;C:\Users\Asus\.m2\repository\org\webjars\swagger-ui\4.15.5\swagger-ui-4.15.5.jar;C:\Users\Asus\.m2\repository\org\webjars\webjars-locator-core\0.55\webjars-locator-core-0.55.jar;C:\Users\Asus\.m2\repository\io\github\classgraph\classgraph\4.8.149\classgraph-4.8.149.jar
Launcher Type: SUN_STANDARD

[Global flags]
     intx CICompilerCount                          = 4                                         {product} {ergonomic}
     uint ConcGCThreads                            = 2                                         {product} {ergonomic}
     uint G1ConcRefinementThreads                  = 8                                         {product} {ergonomic}
   size_t G1HeapRegionSize                         = 1048576                                   {product} {ergonomic}
    uintx GCDrainStackTargetSize                   = 64                                        {product} {ergonomic}
   size_t InitialHeapSize                          = 132120576                                 {product} {ergonomic}
     bool ManagementServer                         = true                                      {product} {command line}
   size_t MarkStackSize                            = 4194304                                   {product} {ergonomic}
   size_t MaxHeapSize                              = 2095054848                                {product} {ergonomic}
   size_t MaxNewSize                               = 1256194048                                {product} {ergonomic}
   size_t MinHeapDeltaBytes                        = 1048576                                   {product} {ergonomic}
   size_t MinHeapSize                              = 8388608                                   {product} {ergonomic}
    uintx NonNMethodCodeHeapSize                   = 4096                                   {pd product} {ergonomic}
    uintx NonProfiledCodeHeapSize                  = 0                                      {pd product} {ergonomic}
     bool ProfileInterpreter                       = false                                  {pd product} {command line}
    uintx ProfiledCodeHeapSize                     = 0                                      {pd product} {ergonomic}
   size_t SoftMaxHeapSize                          = 2095054848                             {manageable} {ergonomic}
     intx TieredStopAtLevel                        = 1                                         {product} {command line}
     bool UseCompressedOops                        = true                           {product lp64_product} {ergonomic}
     bool UseG1GC                                  = true                                      {product} {ergonomic}
     bool UseLargePagesIndividualAllocation        = false                                  {pd product} {ergonomic}

Logging:
Log output configuration:
 #0: stdout all=warning uptime,level,tags foldmultilines=false
 #1: stderr all=off uptime,level,tags foldmultilines=false

Environment Variables:
PATH=C:\Program Files (x86)\VMware\VMware Workstation\bin\;C:\Program Files\Common Files\Oracle\Java\javapath;C:\Windows\system32;C:\Windows;C:\Windows\System32\Wbem;C:\Windows\System32\WindowsPowerShell\v1.0\;C:\Windows\System32\OpenSSH\;C:\Program Files (x86)\NVIDIA Corporation\PhysX\Common;C:\Program Files\Microsoft SQL Server\150\Tools\Binn\;C:\Program Files\Microsoft SQL Server\Client SDK\ODBC\170\Tools\Binn\;C:\Program Files\dotnet\;C:\Program Files\Java\jdk-17\bin;C:\Program Files\nodejs\;C:\Users\Asus\AppData\Local\Microsoft\WindowsApps;C:\Users\Asus\.dotnet\tools;C:\Users\Asus\AppData\Local\Programs\Microsoft VS Code\bin;C:\Users\Asus\AppData\Roaming\npm
USERNAME=Asus
OS=Windows_NT
PROCESSOR_IDENTIFIER=Intel64 Family 6 Model 142 Stepping 11, GenuineIntel
TMP=C:\Users\Asus\AppData\Local\Temp
TEMP=C:\Users\Asus\AppData\Local\Temp




Periodic native trim disabled

---------------  S Y S T E M  ---------------

OS:
 Windows 10 , 64 bit Build 19041 (10.0.19041.1889)
OS uptime: 6 days 21:21 hours

CPU: total 8 (initial active 8) (4 cores per cpu, 2 threads per core) family 6 model 142 stepping 11 microcode 0xae, cx8, cmov, fxsr, ht, mmx, 3dnowpref, sse, sse2, sse3, ssse3, sse4.1, sse4.2, popcnt, lzcnt, tsc, tscinvbit, avx, avx2, aes, erms, clmul, bmi1, bmi2, adx, fma, vzeroupper, clflush, clflushopt, rdtscp, f16c
Processor Information for processor 0
  Max Mhz: 1992, Current Mhz: 1494, Mhz Limit: 1792
Processor Information for processor 1
  Max Mhz: 1992, Current Mhz: 1494, Mhz Limit: 1792
Processor Information for processor 2
  Max Mhz: 1992, Current Mhz: 1494, Mhz Limit: 1792
Processor Information for processor 3
  Max Mhz: 1992, Current Mhz: 1494, Mhz Limit: 1792
Processor Information for processor 4
  Max Mhz: 1992, Current Mhz: 1792, Mhz Limit: 1792
Processor Information for processor 5
  Max Mhz: 1992, Current Mhz: 1494, Mhz Limit: 1792
Processor Information for processor 6
  Max Mhz: 1992, Current Mhz: 1494, Mhz Limit: 1792
Processor Information for processor 7
  Max Mhz: 1992, Current Mhz: 1792, Mhz Limit: 1792

Memory: 4k page, system-wide physical 7990M (699M free)
TotalPageFile size 32566M (AvailPageFile size 43M)
current process WorkingSet (physical memory assigned to process): 244M, peak: 244M
current process commit charge ("private bytes"): 327M, peak: 379M

vm_info: OpenJDK 64-Bit Server VM (21.0.2+13-58) for windows-amd64 JRE (21.0.2+13-58), built on 2024-01-05T18:32:24Z by "mach5one" with MS VC++ 17.1 (VS2022)

END.
